<?xml version="1.0" encoding="UTF-8"?>
<!-- Generated by org.testng.reporters.JUnitReportReporter -->
<testsuite skipped="0" hostname="LAPTOP-49HIEEMJ" name="testsuites.MercuryTest" tests="2" failures="0" timestamp="04 Jun 2020 03:31:03 GMT" time="45.379" errors="0">
  <testcase name="runScenario" time="0.017" classname="testsuites.MercuryTest"/>
  <testcase name="runScenario" time="45.362" classname="testsuites.MercuryTest"/>
</testsuite> <!-- testsuites.MercuryTest -->
